TN:
SF:./src/Web/App/AssortmentOptimization/Blocks/Exception/exception.module.js
FN:1,(anonymous_1)
FNF:1
FNH:1
FNDA:1,(anonymous_1)
DA:1,1
DA:4,1
LF:2
LH:2
BRF:0
BRH:0
end_of_record
TN:
SF:./src/Web/App/AssortmentOptimization/Blocks/Logger/logger.module.js
FN:1,(anonymous_1)
FNF:1
FNH:1
FNDA:1,(anonymous_1)
DA:1,1
DA:4,1
LF:2
LH:2
BRF:0
BRH:0
end_of_record
TN:
SF:./src/Web/App/AssortmentOptimization/Blocks/Router/router.module.js
FN:1,(anonymous_1)
FNF:1
FNH:1
FNDA:1,(anonymous_1)
DA:1,1
DA:4,1
LF:2
LH:2
BRF:0
BRH:0
end_of_record
TN:
SF:./src/Web/App/AssortmentOptimization/Core/core.module.js
FN:1,(anonymous_1)
FNF:1
FNH:1
FNDA:1,(anonymous_1)
DA:1,1
DA:4,1
LF:2
LH:2
BRF:0
BRH:0
end_of_record
TN:
SF:./src/Web/App/AssortmentOptimization/Directives/directives.module.js
FN:1,(anonymous_1)
FNF:1
FNH:1
FNDA:1,(anonymous_1)
DA:1,1
DA:4,1
LF:2
LH:2
BRF:0
BRH:0
end_of_record
TN:
SF:./src/Web/App/AssortmentOptimization/Home/home.module.js
FN:1,(anonymous_1)
FNF:1
FNH:1
FNDA:1,(anonymous_1)
DA:1,1
DA:4,1
LF:2
LH:2
BRF:0
BRH:0
end_of_record
TN:
SF:./src/Web/App/AssortmentOptimization/Layout/layout.module.js
FN:1,(anonymous_1)
FNF:1
FNH:1
FNDA:1,(anonymous_1)
DA:1,1
DA:4,1
LF:2
LH:2
BRF:0
BRH:0
end_of_record
TN:
SF:./src/Web/App/AssortmentOptimization/Main/main.module.js
FN:1,(anonymous_1)
FNF:1
FNH:1
FNDA:1,(anonymous_1)
DA:1,1
DA:4,1
LF:2
LH:2
BRF:0
BRH:0
end_of_record
TN:
SF:./src/Web/App/AssortmentOptimization/Services/services.module.js
FN:1,(anonymous_1)
FNF:1
FNH:1
FNDA:1,(anonymous_1)
DA:1,1
DA:4,1
LF:2
LH:2
BRF:0
BRH:0
end_of_record
TN:
SF:./src/Web/App/AssortmentOptimization/app.module.js
FN:1,(anonymous_1)
FNF:1
FNH:1
FNDA:1,(anonymous_1)
DA:1,1
DA:4,1
LF:2
LH:2
BRF:0
BRH:0
end_of_record
TN:
SF:./src/Web/App/AssortmentOptimization/widgets/widgets.module.js
FN:2,(anonymous_1)
FNF:1
FNH:1
FNDA:1,(anonymous_1)
DA:2,1
DA:5,1
LF:2
LH:2
BRF:0
BRH:0
end_of_record
TN:
SF:./src/Web/App/AssortmentOptimization/Blocks/Exception/exception-handler.provider.js
FN:3,(anonymous_1)
FN:15,exceptionHandlerProvider
FN:21,(anonymous_3)
FN:25,(anonymous_4)
FN:39,config
FN:52,extendExceptionHandler
FN:53,(anonymous_7)
FNF:7
FNH:1
FNDA:1,(anonymous_1)
FNDA:0,exceptionHandlerProvider
FNDA:0,(anonymous_3)
FNDA:0,(anonymous_4)
FNDA:0,config
FNDA:0,extendExceptionHandler
FNDA:0,(anonymous_7)
DA:3,1
DA:6,1
DA:15,1
DA:17,0
DA:21,0
DA:22,0
DA:25,0
DA:26,0
DA:30,1
DA:39,1
DA:40,0
DA:43,1
DA:52,1
DA:53,0
DA:54,0
DA:55,0
DA:56,0
DA:57,0
DA:67,0
LF:19
LH:7
BRDA:54,1,0,0
BRDA:54,1,1,0
BRF:2
BRH:0
end_of_record
TN:
SF:./src/Web/App/AssortmentOptimization/Blocks/Exception/exception.js
FN:1,(anonymous_1)
FN:9,exception
FN:17,catcher
FN:18,(anonymous_4)
FNF:4
FNH:1
FNDA:1,(anonymous_1)
FNDA:0,exception
FNDA:0,catcher
FNDA:0,(anonymous_4)
DA:1,1
DA:4,1
DA:9,1
DA:11,0
DA:15,0
DA:17,1
DA:18,0
DA:19,0
LF:8
LH:4
BRF:0
BRH:0
end_of_record
TN:
SF:./src/Web/App/AssortmentOptimization/Blocks/Logger/logger.js
FN:1,(anonymous_1)
FN:10,logger
FN:24,error
FN:29,info
FN:34,success
FN:39,warning
FNF:6
FNH:1
FNDA:1,(anonymous_1)
FNDA:0,logger
FNDA:0,error
FNDA:0,info
FNDA:0,success
FNDA:0,warning
DA:1,1
DA:4,1
DA:8,1
DA:10,1
DA:11,0
DA:21,0
DA:24,1
DA:25,0
DA:26,0
DA:29,1
DA:30,0
DA:31,0
DA:34,1
DA:35,0
DA:36,0
DA:39,1
DA:40,0
DA:41,0
LF:18
LH:8
BRF:0
BRH:0
end_of_record
TN:
SF:./src/Web/App/AssortmentOptimization/Blocks/Router/routehelper.js
FN:1,(anonymous_1)
FN:12,routehelperConfig
FN:21,(anonymous_3)
FN:28,routehelper
FN:49,configureRoutes
FN:51,(anonymous_6)
FN:60,handleRoutingErrors
FN:65,(anonymous_8)
FN:80,init
FN:85,getRoutes
FN:98,updateDocTitle
FN:100,(anonymous_12)
FNF:12
FNH:1
FNDA:1,(anonymous_1)
FNDA:0,routehelperConfig
FNDA:0,(anonymous_3)
FNDA:0,routehelper
FNDA:0,configureRoutes
FNDA:0,(anonymous_6)
FNDA:0,handleRoutingErrors
FNDA:0,(anonymous_8)
FNDA:0,init
FNDA:0,getRoutes
FNDA:0,updateDocTitle
FNDA:0,(anonymous_12)
DA:1,1
DA:4,1
DA:9,1
DA:12,1
DA:14,0
DA:21,0
DA:22,0
DA:28,1
DA:29,0
DA:30,0
DA:34,0
DA:35,0
DA:37,0
DA:44,0
DA:46,0
DA:49,1
DA:51,0
DA:52,0
DA:53,0
DA:56,0
DA:60,1
DA:64,0
DA:66,0
DA:67,0
DA:69,0
DA:70,0
DA:71,0
DA:73,0
DA:74,0
DA:75,0
DA:80,1
DA:81,0
DA:82,0
DA:85,1
DA:86,0
DA:87,0
DA:88,0
DA:89,0
DA:90,0
DA:91,0
DA:95,0
DA:98,1
DA:99,0
DA:101,0
DA:102,0
DA:103,0
DA:104,0
LF:47
LH:10
BRDA:52,1,0,0
BRDA:52,1,1,0
BRDA:66,2,0,0
BRDA:66,2,1,0
BRDA:71,3,0,0
BRDA:71,3,1,0
BRDA:71,3,2,0
BRDA:71,3,3,0
BRDA:71,3,4,0
BRDA:73,4,0,0
BRDA:73,4,1,0
BRDA:87,5,0,0
BRDA:87,5,1,0
BRDA:90,6,0,0
BRDA:90,6,1,0
BRDA:103,7,0,0
BRDA:103,7,1,0
BRF:17
BRH:0
end_of_record
TN:
SF:./src/Web/App/AssortmentOptimization/Core/Constants.js
FN:1,(anonymous_1)
FNF:1
FNH:1
FNDA:1,(anonymous_1)
DA:1,1
DA:4,1
LF:2
LH:2
BRF:0
BRH:0
end_of_record
TN:
SF:./src/Web/App/AssortmentOptimization/Core/config.js
FN:1,(anonymous_1)
FN:17,configure
FN:50,coreRun
FN:52,(anonymous_4)
FN:55,(anonymous_5)
FNF:5
FNH:1
FNDA:1,(anonymous_1)
FNDA:0,configure
FNDA:0,coreRun
FNDA:0,(anonymous_4)
FNDA:0,(anonymous_5)
DA:1,1
DA:4,1
DA:6,1
DA:12,1
DA:14,1
DA:16,1
DA:17,1
DA:19,0
DA:22,0
DA:23,0
DA:27,0
DA:28,0
DA:40,0
DA:42,0
DA:43,0
DA:46,1
DA:48,1
DA:50,1
DA:51,0
DA:52,0
DA:53,0
DA:54,0
DA:55,0
DA:56,0
DA:57,0
DA:60,0
LF:26
LH:10
BRDA:22,1,0,0
BRDA:22,1,1,0
BRDA:53,2,0,0
BRDA:53,2,1,0
BRF:4
BRH:0
end_of_record
TN:
SF:./src/Web/App/AssortmentOptimization/Home/config.route.js
FN:1,(anonymous_1)
FN:11,appRun
FN:15,getRoutes
FNF:3
FNH:1
FNDA:1,(anonymous_1)
FNDA:0,appRun
FNDA:0,getRoutes
DA:1,1
DA:4,1
DA:8,1
DA:11,1
DA:12,0
DA:15,1
DA:16,0
LF:7
LH:5
BRF:0
BRH:0
end_of_record
TN:
SF:./src/Web/App/AssortmentOptimization/Home/home.controller.js
FN:1,(anonymous_1)
FN:22,Home
FN:54,(anonymous_3)
FN:72,parseStatus
FN:79,(anonymous_5)
FN:81,(anonymous_6)
FN:90,activate
FN:104,showRowSelected
FN:118,open
FN:127,(anonymous_10)
FN:133,(anonymous_11)
FN:136,(anonymous_12)
FN:141,filter
FN:145,getAssortments
FN:147,(anonymous_15)
FNF:15
FNH:1
FNDA:1,(anonymous_1)
FNDA:0,Home
FNDA:0,(anonymous_3)
FNDA:0,parseStatus
FNDA:0,(anonymous_5)
FNDA:0,(anonymous_6)
FNDA:0,activate
FNDA:0,showRowSelected
FNDA:0,open
FNDA:0,(anonymous_10)
FNDA:0,(anonymous_11)
FNDA:0,(anonymous_12)
FNDA:0,filter
FNDA:0,getAssortments
FNDA:0,(anonymous_15)
DA:1,1
DA:4,1
DA:8,1
DA:22,1
DA:24,0
DA:25,0
DA:26,0
DA:27,0
DA:28,0
DA:30,0
DA:45,0
DA:56,0
DA:58,0
DA:60,0
DA:62,0
DA:64,0
DA:66,0
DA:72,1
DA:73,0
DA:76,0
DA:77,0
DA:78,0
DA:79,0
DA:80,0
DA:81,0
DA:82,0
DA:83,0
DA:84,0
DA:88,0
DA:90,1
DA:91,0
DA:92,0
DA:93,0
DA:94,0
DA:95,0
DA:96,0
DA:97,0
DA:98,0
DA:101,0
DA:104,1
DA:105,0
DA:107,0
DA:113,0
DA:115,0
DA:118,1
DA:120,0
DA:128,0
DA:133,0
DA:134,0
DA:135,0
DA:137,0
DA:141,1
DA:142,0
DA:145,1
DA:146,0
DA:147,0
DA:148,0
DA:149,0
DA:153,0
LF:59
LH:10
BRDA:56,1,0,0
BRDA:56,1,1,0
BRDA:56,1,2,0
BRDA:56,1,3,0
BRDA:56,1,4,0
BRDA:97,2,0,0
BRDA:97,2,1,0
BRF:7
BRH:0
end_of_record
TN:
SF:./src/Web/App/AssortmentOptimization/Home/modal.controller.js
FN:1,(anonymous_1)
FN:10,ModalController
FN:20,(anonymous_3)
FN:28,activate
FN:37,initialize
FN:43,downloadDiagnosticsTemplate
FN:47,(anonymous_7)
FN:56,destroyClickedElement
FN:60,uploadTemplateFile
FN:64,createAssortment
FN:68,(anonymous_11)
FN:88,cancel
FNF:12
FNH:1
FNDA:1,(anonymous_1)
FNDA:0,ModalController
FNDA:0,(anonymous_3)
FNDA:0,activate
FNDA:0,initialize
FNDA:0,downloadDiagnosticsTemplate
FNDA:0,(anonymous_7)
FNDA:0,destroyClickedElement
FNDA:0,uploadTemplateFile
FNDA:0,createAssortment
FNDA:0,(anonymous_11)
FNDA:0,cancel
DA:1,1
DA:4,1
DA:8,1
DA:10,1
DA:13,0
DA:14,0
DA:15,0
DA:17,0
DA:18,0
DA:20,0
DA:21,0
DA:22,0
DA:23,0
DA:28,1
DA:29,0
DA:30,0
DA:31,0
DA:33,0
DA:34,0
DA:37,1
DA:38,0
DA:43,1
DA:44,0
DA:45,0
DA:47,0
DA:48,0
DA:50,0
DA:51,0
DA:56,1
DA:57,0
DA:60,1
DA:64,1
DA:65,0
DA:66,0
DA:68,0
DA:69,0
DA:70,0
DA:72,0
DA:74,0
DA:75,0
DA:76,0
DA:77,0
DA:80,0
DA:81,0
DA:88,1
DA:89,0
DA:90,0
LF:47
LH:11
BRDA:21,1,0,0
BRDA:21,1,1,0
BRDA:74,2,0,0
BRDA:74,2,1,0
BRF:4
BRH:0
end_of_record
TN:
SF:./src/Web/App/AssortmentOptimization/Layout/shell.controller.js
FN:1,(anonymous_1)
FN:10,Shell
FN:27,activate
FN:44,init
FN:45,(anonymous_5)
FN:52,(anonymous_6)
FN:57,(anonymous_7)
FN:62,showSettings
FN:66,getNavRoutes
FN:67,(anonymous_10)
FN:71,(anonymous_11)
FN:76,setActiveNavRoutes
FN:77,(anonymous_13)
FN:106,(anonymous_14)
FN:111,getSummaryNavRoutes
FN:112,(anonymous_16)
FN:119,(anonymous_17)
FN:124,isCurrent
FN:132,hideSplash
FN:134,(anonymous_20)
FNF:20
FNH:1
FNDA:1,(anonymous_1)
FNDA:0,Shell
FNDA:0,activate
FNDA:0,init
FNDA:0,(anonymous_5)
FNDA:0,(anonymous_6)
FNDA:0,(anonymous_7)
FNDA:0,showSettings
FNDA:0,getNavRoutes
FNDA:0,(anonymous_10)
FNDA:0,(anonymous_11)
FNDA:0,setActiveNavRoutes
FNDA:0,(anonymous_13)
FNDA:0,(anonymous_14)
FNDA:0,getSummaryNavRoutes
FNDA:0,(anonymous_16)
FNDA:0,(anonymous_17)
FNDA:0,isCurrent
FNDA:0,hideSplash
FNDA:0,(anonymous_20)
DA:1,1
DA:4,1
DA:8,1
DA:10,1
DA:12,0
DA:13,0
DA:14,0
DA:16,0
DA:17,0
DA:18,0
DA:19,0
DA:20,0
DA:21,0
DA:22,0
DA:23,0
DA:25,0
DA:27,1
DA:28,0
DA:29,0
DA:41,0
DA:44,1
DA:45,0
DA:46,0
DA:47,0
DA:48,0
DA:49,0
DA:52,0
DA:53,0
DA:54,0
DA:57,0
DA:58,0
DA:62,1
DA:63,0
DA:66,1
DA:67,0
DA:68,0
DA:69,0
DA:72,0
DA:76,1
DA:77,0
DA:78,0
DA:79,0
DA:80,0
DA:81,0
DA:83,0
DA:84,0
DA:87,0
DA:88,0
DA:90,0
DA:91,0
DA:93,0
DA:94,0
DA:96,0
DA:97,0
DA:99,0
DA:100,0
DA:104,0
DA:107,0
DA:111,1
DA:112,0
DA:113,0
DA:114,0
DA:115,0
DA:116,0
DA:117,0
DA:120,0
DA:124,1
DA:125,0
DA:126,0
DA:128,0
DA:129,0
DA:132,1
DA:134,0
DA:135,0
LF:74
LH:12
BRDA:68,1,0,0
BRDA:68,1,1,0
BRDA:69,2,0,0
BRDA:69,2,1,0
BRDA:78,3,0,0
BRDA:78,3,1,0
BRDA:83,4,0,0
BRDA:83,4,1,0
BRDA:87,5,0,0
BRDA:87,5,1,0
BRDA:88,6,0,0
BRDA:88,6,1,0
BRDA:88,6,2,0
BRDA:88,6,3,0
BRDA:104,7,0,0
BRDA:104,7,1,0
BRDA:113,8,0,0
BRDA:113,8,1,0
BRDA:117,9,0,0
BRDA:117,9,1,0
BRDA:125,10,0,0
BRDA:125,10,1,0
BRDA:125,11,0,0
BRDA:125,11,1,0
BRDA:125,11,2,0
BRDA:129,12,0,0
BRDA:129,12,1,0
BRF:27
BRH:0
end_of_record
TN:
SF:./src/Web/App/AssortmentOptimization/Main/AssortmentDiagnostics/assortmentdiagnostics.controller.js
FN:1,(anonymous_1)
FN:10,Assortmentdiagnostics
FN:17,activate
FN:35,downloadAssortmentDiagnostics
FN:41,diagnosticsExists
FN:43,(anonymous_6)
FNF:6
FNH:1
FNDA:1,(anonymous_1)
FNDA:0,Assortmentdiagnostics
FNDA:0,activate
FNDA:0,downloadAssortmentDiagnostics
FNDA:0,diagnosticsExists
FNDA:0,(anonymous_6)
DA:1,1
DA:4,1
DA:8,1
DA:10,1
DA:12,0
DA:13,0
DA:15,0
DA:17,1
DA:18,0
DA:20,0
DA:26,0
DA:30,0
DA:32,0
DA:35,1
DA:36,0
DA:37,0
DA:38,0
DA:41,1
DA:42,0
DA:43,0
DA:44,0
DA:45,0
DA:46,0
DA:47,0
DA:48,0
DA:49,0
DA:50,0
DA:51,0
DA:53,0
DA:56,0
DA:57,0
DA:58,0
DA:60,0
DA:62,0
DA:65,0
DA:66,0
LF:36
LH:7
BRDA:44,1,0,0
BRDA:44,1,1,0
BRDA:46,2,0,0
BRDA:46,2,1,0
BRDA:50,3,0,0
BRDA:50,3,1,0
BRDA:60,4,0,0
BRDA:60,4,1,0
BRF:8
BRH:0
end_of_record
TN:
SF:./src/Web/App/AssortmentOptimization/Main/CDT/cdt.controller.js
FN:1,(anonymous_1)
FN:10,CDT
FN:19,initialize
FN:41,activate
FN:46,downloadYulesQ
FN:52,downloadItemMetrics
FN:58,downloadAssortDesc
FN:64,createYulesQ
FN:66,(anonymous_9)
FN:81,decisionTreeExists
FN:83,(anonymous_11)
FNF:11
FNH:1
FNDA:1,(anonymous_1)
FNDA:0,CDT
FNDA:0,initialize
FNDA:0,activate
FNDA:0,downloadYulesQ
FNDA:0,downloadItemMetrics
FNDA:0,downloadAssortDesc
FNDA:0,createYulesQ
FNDA:0,(anonymous_9)
FNDA:0,decisionTreeExists
FNDA:0,(anonymous_11)
DA:1,1
DA:4,1
DA:8,1
DA:10,1
DA:12,0
DA:13,0
DA:14,0
DA:16,0
DA:17,0
DA:19,1
DA:20,0
DA:22,0
DA:30,0
DA:34,0
DA:35,0
DA:36,0
DA:37,0
DA:38,0
DA:41,1
DA:42,0
DA:43,0
DA:46,1
DA:47,0
DA:48,0
DA:49,0
DA:52,1
DA:53,0
DA:54,0
DA:55,0
DA:58,1
DA:59,0
DA:60,0
DA:61,0
DA:64,1
DA:65,0
DA:66,0
DA:67,0
DA:68,0
DA:70,0
DA:71,0
DA:72,0
DA:75,0
DA:76,0
DA:81,1
DA:82,0
DA:83,0
DA:84,0
DA:85,0
DA:86,0
DA:87,0
DA:88,0
DA:89,0
DA:90,0
DA:92,0
DA:93,0
DA:95,0
DA:97,0
DA:102,0
DA:103,0
DA:105,0
DA:106,0
DA:108,0
DA:109,0
DA:114,0
DA:117,0
LF:65
LH:11
BRDA:70,1,0,0
BRDA:70,1,1,0
BRDA:84,2,0,0
BRDA:84,2,1,0
BRDA:86,3,0,0
BRDA:86,3,1,0
BRDA:92,4,0,0
BRDA:92,4,1,0
BRDA:92,5,0,0
BRDA:92,5,1,0
BRDA:92,5,2,0
BRDA:102,6,0,0
BRDA:102,6,1,0
BRDA:105,7,0,0
BRDA:105,7,1,0
BRDA:108,8,0,0
BRDA:108,8,1,0
BRDA:114,9,0,0
BRDA:114,9,1,0
BRF:19
BRH:0
end_of_record
TN:
SF:./src/Web/App/AssortmentOptimization/Main/Loyalty/loyalty.controller.js
FN:1,(anonymous_1)
FN:10,Loyalty
FN:18,initialize
FN:41,activate
FN:48,noItemFileSelected
FN:57,downloadLoyaltyTemplate
FN:61,(anonymous_7)
FN:67,createLoyalty
FN:71,(anonymous_9)
FN:83,loyaltyExists
FN:85,(anonymous_11)
FN:109,downloadItemMetrics
FNF:12
FNH:1
FNDA:1,(anonymous_1)
FNDA:0,Loyalty
FNDA:0,initialize
FNDA:0,activate
FNDA:0,noItemFileSelected
FNDA:0,downloadLoyaltyTemplate
FNDA:0,(anonymous_7)
FNDA:0,createLoyalty
FNDA:0,(anonymous_9)
FNDA:0,loyaltyExists
FNDA:0,(anonymous_11)
FNDA:0,downloadItemMetrics
DA:1,1
DA:4,1
DA:8,1
DA:10,1
DA:12,0
DA:13,0
DA:15,0
DA:16,0
DA:18,1
DA:19,0
DA:20,0
DA:25,0
DA:31,0
DA:32,0
DA:33,0
DA:34,0
DA:36,0
DA:37,0
DA:38,0
DA:41,1
DA:42,0
DA:43,0
DA:45,0
DA:48,1
DA:49,0
DA:50,0
DA:53,0
DA:57,1
DA:58,0
DA:59,0
DA:61,0
DA:62,0
DA:63,0
DA:67,1
DA:68,0
DA:69,0
DA:71,0
DA:72,0
DA:73,0
DA:74,0
DA:77,0
DA:78,0
DA:83,1
DA:84,0
DA:85,0
DA:86,0
DA:87,0
DA:88,0
DA:89,0
DA:90,0
DA:91,0
DA:92,0
DA:93,0
DA:95,0
DA:100,0
DA:103,0
DA:104,0
DA:109,1
DA:110,0
DA:111,0
DA:112,0
LF:61
LH:11
BRDA:49,1,0,0
BRDA:49,1,1,0
BRDA:72,2,0,0
BRDA:72,2,1,0
BRDA:86,3,0,0
BRDA:86,3,1,0
BRDA:88,4,0,0
BRDA:88,4,1,0
BRDA:92,5,0,0
BRDA:92,5,1,0
BRDA:100,6,0,0
BRDA:100,6,1,0
BRF:12
BRH:0
end_of_record
TN:
SF:./src/Web/App/AssortmentOptimization/Main/StoreClustering/storeclustering.controller.js
FN:1,(anonymous_1)
FN:10,StoreClustering
FN:19,initialize
FN:41,activate
FN:50,storeClusteringExists
FN:52,(anonymous_6)
FN:78,downloadClusteringTemplate
FN:82,(anonymous_8)
FN:90,downloadReclassifiedStores
FN:96,downloadModelSummary
FN:102,createStoreClustering
FN:105,(anonymous_12)
FNF:12
FNH:1
FNDA:1,(anonymous_1)
FNDA:0,StoreClustering
FNDA:0,initialize
FNDA:0,activate
FNDA:0,storeClusteringExists
FNDA:0,(anonymous_6)
FNDA:0,downloadClusteringTemplate
FNDA:0,(anonymous_8)
FNDA:0,downloadReclassifiedStores
FNDA:0,downloadModelSummary
FNDA:0,createStoreClustering
FNDA:0,(anonymous_12)
DA:1,1
DA:4,1
DA:8,1
DA:10,1
DA:12,0
DA:13,0
DA:14,0
DA:16,0
DA:17,0
DA:19,1
DA:20,0
DA:22,0
DA:28,0
DA:32,0
DA:33,0
DA:35,0
DA:36,0
DA:37,0
DA:38,0
DA:41,1
DA:43,0
DA:44,0
DA:46,0
DA:50,1
DA:51,0
DA:52,0
DA:53,0
DA:54,0
DA:55,0
DA:56,0
DA:57,0
DA:58,0
DA:59,0
DA:60,0
DA:61,0
DA:63,0
DA:64,0
DA:68,0
DA:71,0
DA:72,0
DA:78,1
DA:79,0
DA:80,0
DA:82,0
DA:83,0
DA:85,0
DA:86,0
DA:90,1
DA:91,0
DA:92,0
DA:93,0
DA:96,1
DA:97,0
DA:98,0
DA:99,0
DA:102,1
DA:103,0
DA:105,0
DA:106,0
DA:107,0
DA:108,0
DA:111,0
DA:112,0
LF:63
LH:11
BRDA:53,1,0,0
BRDA:53,1,1,0
BRDA:55,2,0,0
BRDA:55,2,1,0
BRDA:60,3,0,0
BRDA:60,3,1,0
BRDA:63,4,0,0
BRDA:63,4,1,0
BRDA:68,5,0,0
BRDA:68,5,1,0
BRDA:106,6,0,0
BRDA:106,6,1,0
BRF:12
BRH:0
end_of_record
TN:
SF:./src/Web/App/AssortmentOptimization/Main/Substitution/substitution.controller.js
FN:1,(anonymous_1)
FN:10,Substitution
FN:19,initialize
FN:39,activate
FN:47,downloadSubstitutionTemplate
FN:51,(anonymous_6)
FN:57,downloadSubstitution
FN:63,createSubstitution
FN:66,(anonymous_9)
FN:78,substitutionExists
FN:80,(anonymous_11)
FNF:11
FNH:1
FNDA:1,(anonymous_1)
FNDA:0,Substitution
FNDA:0,initialize
FNDA:0,activate
FNDA:0,downloadSubstitutionTemplate
FNDA:0,(anonymous_6)
FNDA:0,downloadSubstitution
FNDA:0,createSubstitution
FNDA:0,(anonymous_9)
FNDA:0,substitutionExists
FNDA:0,(anonymous_11)
DA:1,1
DA:4,1
DA:8,1
DA:10,1
DA:12,0
DA:13,0
DA:14,0
DA:16,0
DA:17,0
DA:19,1
DA:20,0
DA:22,0
DA:27,0
DA:31,0
DA:32,0
DA:34,0
DA:35,0
DA:36,0
DA:39,1
DA:40,0
DA:41,0
DA:43,0
DA:47,1
DA:48,0
DA:49,0
DA:51,0
DA:52,0
DA:53,0
DA:57,1
DA:58,0
DA:59,0
DA:60,0
DA:63,1
DA:64,0
DA:66,0
DA:67,0
DA:68,0
DA:69,0
DA:72,0
DA:73,0
DA:78,1
DA:79,0
DA:80,0
DA:81,0
DA:82,0
DA:83,0
DA:84,0
DA:85,0
DA:86,0
DA:87,0
DA:88,0
DA:92,0
DA:95,0
DA:96,0
LF:54
LH:10
BRDA:67,1,0,0
BRDA:67,1,1,0
BRDA:81,2,0,0
BRDA:81,2,1,0
BRDA:83,3,0,0
BRDA:83,3,1,0
BRDA:87,4,0,0
BRDA:87,4,1,0
BRDA:92,5,0,0
BRDA:92,5,1,0
BRF:10
BRH:0
end_of_record
TN:
SF:./src/Web/App/AssortmentOptimization/Main/config.route.js
FN:1,(anonymous_1)
FN:11,appRun
FN:15,getRoutes
FNF:3
FNH:1
FNDA:1,(anonymous_1)
FNDA:0,appRun
FNDA:0,getRoutes
DA:1,1
DA:4,1
DA:8,1
DA:11,1
DA:12,0
DA:15,1
DA:16,0
LF:7
LH:5
BRF:0
BRH:0
end_of_record
TN:
SF:./src/Web/App/AssortmentOptimization/Main/main.controller.js
FN:1,(anonymous_1)
FN:10,Main
FN:21,activate
FN:26,getNavRoutes
FN:27,(anonymous_5)
FN:31,(anonymous_6)
FN:36,isCurrent
FNF:7
FNH:1
FNDA:1,(anonymous_1)
FNDA:0,Main
FNDA:0,activate
FNDA:0,getNavRoutes
FNDA:0,(anonymous_5)
FNDA:0,(anonymous_6)
FNDA:0,isCurrent
DA:1,1
DA:4,1
DA:8,1
DA:10,1
DA:12,0
DA:13,0
DA:14,0
DA:15,0
DA:17,0
DA:19,0
DA:21,1
DA:22,0
DA:26,1
DA:27,0
DA:28,0
DA:29,0
DA:32,0
DA:36,1
DA:37,0
DA:38,0
DA:40,0
DA:41,0
LF:22
LH:7
BRDA:28,1,0,0
BRDA:28,1,1,0
BRDA:29,2,0,0
BRDA:29,2,1,0
BRDA:37,3,0,0
BRDA:37,3,1,0
BRDA:37,4,0,0
BRDA:37,4,1,0
BRDA:37,4,2,0
BRDA:41,5,0,0
BRDA:41,5,1,0
BRF:11
BRH:0
end_of_record
TN:
SF:./src/Web/App/AssortmentOptimization/Services/assortmentoptimization.service.js
FN:1,(anonymous_1)
FN:10,AssortmentoptimizationService
FN:36,getCapabilityFiles
FN:39,(anonymous_4)
FN:48,isAvailToDownload
FN:75,(anonymous_6)
FN:83,getAssortments
FN:85,(anonymous_8)
FN:87,(anonymous_9)
FN:101,dlTemplate
FN:105,(anonymous_11)
FN:108,(anonymous_12)
FN:125,saveTemplate
FN:142,addAssortment
FN:156,(anonymous_15)
FN:158,(anonymous_16)
FN:172,createYulesQ
FN:182,(anonymous_18)
FN:184,(anonymous_19)
FN:198,getDecisionTree
FN:201,(anonymous_21)
FN:203,(anonymous_22)
FN:218,getDiagnostics
FN:221,(anonymous_24)
FN:223,(anonymous_25)
FN:237,createLoyalty
FN:252,(anonymous_27)
FN:254,(anonymous_28)
FN:268,getLoyalty
FN:271,(anonymous_30)
FN:273,(anonymous_31)
FN:287,createStoreClustering
FN:299,(anonymous_33)
FN:301,(anonymous_34)
FN:315,getStoreClustering
FN:318,(anonymous_36)
FN:320,(anonymous_37)
FN:334,createSubstitution
FN:346,(anonymous_39)
FN:348,(anonymous_40)
FN:362,getSubstitution
FN:365,(anonymous_42)
FN:367,(anonymous_43)
FN:381,downloadCapabilityFiles
FN:382,(anonymous_45)
FN:410,helloWorld
FN:414,handleError
FNF:47
FNH:6
FNDA:1,(anonymous_1)
FNDA:6,AssortmentoptimizationService
FNDA:0,getCapabilityFiles
FNDA:0,(anonymous_4)
FNDA:0,isAvailToDownload
FNDA:0,(anonymous_6)
FNDA:3,getAssortments
FNDA:1,(anonymous_8)
FNDA:2,(anonymous_9)
FNDA:0,dlTemplate
FNDA:0,(anonymous_11)
FNDA:0,(anonymous_12)
FNDA:0,saveTemplate
FNDA:0,addAssortment
FNDA:0,(anonymous_15)
FNDA:0,(anonymous_16)
FNDA:0,createYulesQ
FNDA:0,(anonymous_18)
FNDA:0,(anonymous_19)
FNDA:0,getDecisionTree
FNDA:0,(anonymous_21)
FNDA:0,(anonymous_22)
FNDA:0,getDiagnostics
FNDA:0,(anonymous_24)
FNDA:0,(anonymous_25)
FNDA:0,createLoyalty
FNDA:0,(anonymous_27)
FNDA:0,(anonymous_28)
FNDA:0,getLoyalty
FNDA:0,(anonymous_30)
FNDA:0,(anonymous_31)
FNDA:0,createStoreClustering
FNDA:0,(anonymous_33)
FNDA:0,(anonymous_34)
FNDA:0,getStoreClustering
FNDA:0,(anonymous_36)
FNDA:0,(anonymous_37)
FNDA:0,createSubstitution
FNDA:0,(anonymous_39)
FNDA:0,(anonymous_40)
FNDA:0,getSubstitution
FNDA:0,(anonymous_42)
FNDA:0,(anonymous_43)
FNDA:0,downloadCapabilityFiles
FNDA:0,(anonymous_45)
FNDA:1,helloWorld
FNDA:0,handleError
DA:1,1
DA:4,1
DA:8,1
DA:10,1
DA:11,6
DA:31,6
DA:36,1
DA:37,0
DA:38,0
DA:39,0
DA:40,0
DA:41,0
DA:48,1
DA:49,0
DA:50,0
DA:51,0
DA:52,0
DA:54,0
DA:55,0
DA:56,0
DA:58,0
DA:59,0
DA:60,0
DA:62,0
DA:63,0
DA:64,0
DA:66,0
DA:67,0
DA:68,0
DA:71,0
DA:72,0
DA:75,0
DA:76,0
DA:83,1
DA:84,3
DA:85,3
DA:86,1
DA:92,2
DA:93,1
DA:97,1
DA:101,1
DA:102,0
DA:103,0
DA:104,0
DA:105,0
DA:106,0
DA:107,0
DA:113,0
DA:114,0
DA:118,0
DA:125,1
DA:126,0
DA:127,0
DA:128,0
DA:129,0
DA:130,0
DA:131,0
DA:134,0
DA:135,0
DA:136,0
DA:137,0
DA:139,0
DA:142,1
DA:143,0
DA:144,0
DA:145,0
DA:156,0
DA:157,0
DA:163,0
DA:164,0
DA:168,0
DA:172,1
DA:173,0
DA:174,0
DA:182,0
DA:183,0
DA:189,0
DA:190,0
DA:194,0
DA:198,1
DA:199,0
DA:200,0
DA:201,0
DA:202,0
DA:208,0
DA:209,0
DA:213,0
DA:218,1
DA:219,0
DA:220,0
DA:221,0
DA:222,0
DA:228,0
DA:229,0
DA:233,0
DA:237,1
DA:238,0
DA:239,0
DA:240,0
DA:252,0
DA:253,0
DA:259,0
DA:260,0
DA:264,0
DA:268,1
DA:269,0
DA:270,0
DA:271,0
DA:272,0
DA:278,0
DA:279,0
DA:283,0
DA:287,1
DA:288,0
DA:289,0
DA:290,0
DA:299,0
DA:300,0
DA:306,0
DA:307,0
DA:311,0
DA:315,1
DA:316,0
DA:317,0
DA:318,0
DA:319,0
DA:325,0
DA:326,0
DA:330,0
DA:334,1
DA:335,0
DA:336,0
DA:337,0
DA:346,0
DA:347,0
DA:353,0
DA:354,0
DA:358,0
DA:362,1
DA:363,0
DA:364,0
DA:365,0
DA:366,0
DA:372,0
DA:373,0
DA:377,0
DA:381,1
DA:382,0
DA:383,0
DA:384,0
DA:385,0
DA:386,0
DA:388,0
DA:389,0
DA:390,0
DA:391,0
DA:392,0
DA:395,0
DA:396,0
DA:397,0
DA:398,0
DA:400,0
DA:402,0
DA:403,0
DA:404,0
DA:410,1
DA:411,1
DA:414,1
DA:419,0
DA:420,0
DA:424,0
LF:171
LH:31
BRDA:50,1,0,0
BRDA:50,1,1,0
BRDA:54,2,0,0
BRDA:54,2,1,0
BRDA:58,3,0,0
BRDA:58,3,1,0
BRDA:62,4,0,0
BRDA:62,4,1,0
BRDA:66,5,0,0
BRDA:66,5,1,0
BRDA:92,6,0,1
BRDA:92,6,1,1
BRDA:92,7,0,2
BRDA:92,7,1,1
BRDA:113,8,0,0
BRDA:113,8,1,0
BRDA:113,9,0,0
BRDA:113,9,1,0
BRDA:130,10,0,0
BRDA:130,10,1,0
BRDA:163,11,0,0
BRDA:163,11,1,0
BRDA:163,12,0,0
BRDA:163,12,1,0
BRDA:189,13,0,0
BRDA:189,13,1,0
BRDA:189,14,0,0
BRDA:189,14,1,0
BRDA:208,15,0,0
BRDA:208,15,1,0
BRDA:208,16,0,0
BRDA:208,16,1,0
BRDA:228,17,0,0
BRDA:228,17,1,0
BRDA:228,18,0,0
BRDA:228,18,1,0
BRDA:259,19,0,0
BRDA:259,19,1,0
BRDA:259,20,0,0
BRDA:259,20,1,0
BRDA:278,21,0,0
BRDA:278,21,1,0
BRDA:278,22,0,0
BRDA:278,22,1,0
BRDA:306,23,0,0
BRDA:306,23,1,0
BRDA:306,24,0,0
BRDA:306,24,1,0
BRDA:325,25,0,0
BRDA:325,25,1,0
BRDA:325,26,0,0
BRDA:325,26,1,0
BRDA:353,27,0,0
BRDA:353,27,1,0
BRDA:353,28,0,0
BRDA:353,28,1,0
BRDA:372,29,0,0
BRDA:372,29,1,0
BRDA:372,30,0,0
BRDA:372,30,1,0
BRDA:384,31,0,0
BRDA:384,31,1,0
BRDA:384,32,0,0
BRDA:384,32,1,0
BRDA:391,33,0,0
BRDA:391,33,1,0
BRDA:419,34,0,0
BRDA:419,34,1,0
BRDA:419,35,0,0
BRDA:419,35,1,0
BRF:70
BRH:4
end_of_record
TN:
SF:./src/Web/App/AssortmentOptimization/Services/interceptor.factory.js
FN:1,(anonymous_1)
FN:10,httpRequestInterceptor
FN:18,responseError
FNF:3
FNH:1
FNDA:1,(anonymous_1)
FNDA:0,httpRequestInterceptor
FNDA:0,responseError
DA:1,1
DA:4,1
DA:8,1
DA:10,1
DA:12,0
DA:16,0
DA:18,1
DA:20,0
DA:22,0
DA:24,0
DA:25,0
DA:27,0
DA:28,0
DA:29,0
DA:31,0
DA:32,0
DA:33,0
DA:35,0
DA:36,0
DA:40,0
LF:20
LH:5
BRDA:20,1,0,0
BRDA:20,1,1,0
BRDA:20,1,2,0
BRDA:20,1,3,0
BRF:4
BRH:0
end_of_record
TN:
SF:./src/Web/App/AssortmentOptimization/Services/logger.service.js
FN:1,(anonymous_1)
FN:10,Logger
FN:26,error
FN:31,info
FN:36,success
FN:41,warning
FNF:6
FNH:1
FNDA:1,(anonymous_1)
FNDA:0,Logger
FNDA:0,error
FNDA:0,info
FNDA:0,success
FNDA:0,warning
DA:1,1
DA:4,1
DA:8,1
DA:10,1
DA:11,0
DA:23,0
DA:26,1
DA:27,0
DA:28,0
DA:31,1
DA:32,0
DA:33,0
DA:36,1
DA:37,0
DA:38,0
DA:41,1
DA:42,0
DA:43,0
LF:18
LH:8
BRF:0
BRH:0
end_of_record
TN:
SF:./src/Web/App/AssortmentOptimization/Services/upload.service.js
FN:1,(anonymous_1)
FN:10,uploadService
FN:19,uploadService
FN:26,(anonymous_4)
FN:29,(anonymous_5)
FN:31,(anonymous_6)
FNF:6
FNH:1
FNDA:1,(anonymous_1)
FNDA:0,uploadService
FNDA:0,uploadService
FNDA:0,(anonymous_4)
FNDA:0,(anonymous_5)
FNDA:0,(anonymous_6)
DA:1,1
DA:4,1
DA:8,1
DA:10,1
DA:11,0
DA:13,0
DA:17,0
DA:19,1
DA:20,0
DA:27,0
DA:28,0
DA:30,0
DA:32,0
LF:13
LH:5
BRF:0
BRH:0
end_of_record
TN:
SF:./src/Web/App/AssortmentOptimization/Services/user.service.js
FN:1,(anonymous_1)
FN:10,userService
FN:19,getCurrentUser
FN:20,(anonymous_4)
FN:22,(anonymous_5)
FNF:5
FNH:5
FNDA:1,(anonymous_1)
FNDA:5,userService
FNDA:3,getCurrentUser
FNDA:1,(anonymous_4)
FNDA:2,(anonymous_5)
DA:1,1
DA:4,1
DA:8,1
DA:10,1
DA:11,5
DA:13,5
DA:17,5
DA:19,1
DA:20,3
DA:21,1
DA:27,2
DA:28,1
DA:32,1
LF:13
LH:13
BRDA:27,1,0,1
BRDA:27,1,1,1
BRDA:27,2,0,2
BRDA:27,2,1,1
BRF:4
BRH:4
end_of_record
TN:
SF:./src/Web/App/AssortmentOptimization/widgets/assortmentlist.directive.js
FN:1,(anonymous_1)
FN:10,Assortmentlist
FN:31,assortmentController
FN:37,activate
FNF:4
FNH:1
FNDA:1,(anonymous_1)
FNDA:0,Assortmentlist
FNDA:0,assortmentController
FNDA:0,activate
DA:1,1
DA:4,1
DA:8,1
DA:10,1
DA:15,0
DA:29,0
DA:31,1
DA:33,0
DA:35,0
DA:37,1
DA:38,0
DA:39,0
DA:42,0
LF:13
LH:6
BRDA:38,1,0,0
BRDA:38,1,1,0
BRDA:39,2,0,0
BRDA:39,2,1,0
BRF:4
BRH:0
end_of_record
